ARM GAS  C:\Users\binhp\AppData\Local\Temp\ccV2RCGk.s 			page 1


   1              		.cpu cortex-m3
   2              		.arch armv7-m
   3              		.fpu softvfp
   4              		.eabi_attribute 20, 1
   5              		.eabi_attribute 21, 1
   6              		.eabi_attribute 23, 3
   7              		.eabi_attribute 24, 1
   8              		.eabi_attribute 25, 1
   9              		.eabi_attribute 26, 1
  10              		.eabi_attribute 30, 1
  11              		.eabi_attribute 34, 1
  12              		.eabi_attribute 18, 4
  13              		.file	"hal_gpio.c"
  14              		.text
  15              	.Ltext0:
  16              		.cfi_sections	.debug_frame
  17              		.file 1 "Src/hal_gpio.c"
  18              		.section	.text.hal_gpio_builtin_led_init,"ax",%progbits
  19              		.align	1
  20              		.global	hal_gpio_builtin_led_init
  21              		.syntax unified
  22              		.thumb
  23              		.thumb_func
  25              	hal_gpio_builtin_led_init:
  26              	.LFB66:
   1:Src/hal_gpio.c **** 
   2:Src/hal_gpio.c **** #include "hal_gpio.h"
   3:Src/hal_gpio.c **** #include "main.h"
   4:Src/hal_gpio.c **** 
   5:Src/hal_gpio.c **** void MX_GPIO_Init(void)
   6:Src/hal_gpio.c **** {
   7:Src/hal_gpio.c ****   /* GPIO Ports Clock Enable */
   8:Src/hal_gpio.c ****   hal_gpio_builtin_led_init();
   9:Src/hal_gpio.c ****   hal_gpio_hx711_dat_init();
  10:Src/hal_gpio.c ****   hal_gpio_hx711_sck_init();
  11:Src/hal_gpio.c **** }
  12:Src/hal_gpio.c **** 
  13:Src/hal_gpio.c **** void hal_gpio_builtin_led_init(void)
  14:Src/hal_gpio.c **** {
  27              		.loc 1 14 1 view -0
  28              		.cfi_startproc
  29              		@ args = 0, pretend = 0, frame = 24
  30              		@ frame_needed = 0, uses_anonymous_args = 0
  31 0000 70B5     		push	{r4, r5, r6, lr}
  32              	.LCFI0:
  33              		.cfi_def_cfa_offset 16
  34              		.cfi_offset 4, -16
  35              		.cfi_offset 5, -12
  36              		.cfi_offset 6, -8
  37              		.cfi_offset 14, -4
  38 0002 86B0     		sub	sp, sp, #24
  39              	.LCFI1:
  40              		.cfi_def_cfa_offset 40
  15:Src/hal_gpio.c ****   GPIO_InitTypeDef GPIO_InitStruct = {0};
  41              		.loc 1 15 3 view .LVU1
  42              		.loc 1 15 20 is_stmt 0 view .LVU2
  43 0004 0024     		movs	r4, #0
ARM GAS  C:\Users\binhp\AppData\Local\Temp\ccV2RCGk.s 			page 2


  44 0006 0294     		str	r4, [sp, #8]
  45 0008 0394     		str	r4, [sp, #12]
  46 000a 0494     		str	r4, [sp, #16]
  47 000c 0594     		str	r4, [sp, #20]
  16:Src/hal_gpio.c **** 
  17:Src/hal_gpio.c ****   GPIOC_CLK_ENABLE();
  48              		.loc 1 17 3 is_stmt 1 view .LVU3
  49              	.LBB2:
  50              		.loc 1 17 3 view .LVU4
  51              		.loc 1 17 3 view .LVU5
  52 000e 0E4B     		ldr	r3, .L3
  53 0010 9A69     		ldr	r2, [r3, #24]
  54 0012 42F01002 		orr	r2, r2, #16
  55 0016 9A61     		str	r2, [r3, #24]
  56              		.loc 1 17 3 view .LVU6
  57 0018 9B69     		ldr	r3, [r3, #24]
  58 001a 03F01003 		and	r3, r3, #16
  59 001e 0193     		str	r3, [sp, #4]
  60              		.loc 1 17 3 view .LVU7
  61 0020 019B     		ldr	r3, [sp, #4]
  62              	.LBE2:
  63              		.loc 1 17 3 view .LVU8
  18:Src/hal_gpio.c ****   /*Configure GPIO pin : PC13 */
  19:Src/hal_gpio.c ****   GPIO_InitStruct.Pin = BUILTIN_LED_PIN;
  64              		.loc 1 19 3 view .LVU9
  65              		.loc 1 19 23 is_stmt 0 view .LVU10
  66 0022 4FF40056 		mov	r6, #8192
  67 0026 0296     		str	r6, [sp, #8]
  20:Src/hal_gpio.c ****   GPIO_InitStruct.Mode = GPIO_MODE_OUTPUT_PP;
  68              		.loc 1 20 3 is_stmt 1 view .LVU11
  69              		.loc 1 20 24 is_stmt 0 view .LVU12
  70 0028 0123     		movs	r3, #1
  71 002a 0393     		str	r3, [sp, #12]
  21:Src/hal_gpio.c ****   GPIO_InitStruct.Pull = GPIO_NOPULL;
  72              		.loc 1 21 3 is_stmt 1 view .LVU13
  22:Src/hal_gpio.c ****   GPIO_InitStruct.Speed = GPIO_SPEED_FREQ_LOW;
  73              		.loc 1 22 3 view .LVU14
  74              		.loc 1 22 25 is_stmt 0 view .LVU15
  75 002c 0223     		movs	r3, #2
  76 002e 0593     		str	r3, [sp, #20]
  23:Src/hal_gpio.c ****   HAL_GPIO_Init(BUILTIN_LED_PORT, &GPIO_InitStruct);
  77              		.loc 1 23 3 is_stmt 1 view .LVU16
  78 0030 064D     		ldr	r5, .L3+4
  79 0032 02A9     		add	r1, sp, #8
  80 0034 2846     		mov	r0, r5
  81 0036 FFF7FEFF 		bl	HAL_GPIO_Init
  82              	.LVL0:
  24:Src/hal_gpio.c **** 
  25:Src/hal_gpio.c ****   /*Configure GPIO pin Output Level */
  26:Src/hal_gpio.c ****   HAL_GPIO_WritePin(BUILTIN_LED_PORT, BUILTIN_LED_PIN, GPIO_PIN_RESET);
  83              		.loc 1 26 3 view .LVU17
  84 003a 2246     		mov	r2, r4
  85 003c 3146     		mov	r1, r6
  86 003e 2846     		mov	r0, r5
  87 0040 FFF7FEFF 		bl	HAL_GPIO_WritePin
  88              	.LVL1:
  27:Src/hal_gpio.c **** }
ARM GAS  C:\Users\binhp\AppData\Local\Temp\ccV2RCGk.s 			page 3


  89              		.loc 1 27 1 is_stmt 0 view .LVU18
  90 0044 06B0     		add	sp, sp, #24
  91              	.LCFI2:
  92              		.cfi_def_cfa_offset 16
  93              		@ sp needed
  94 0046 70BD     		pop	{r4, r5, r6, pc}
  95              	.L4:
  96              		.align	2
  97              	.L3:
  98 0048 00100240 		.word	1073876992
  99 004c 00100140 		.word	1073811456
 100              		.cfi_endproc
 101              	.LFE66:
 103              		.section	.text.hal_gpio_builtin_led_deinit,"ax",%progbits
 104              		.align	1
 105              		.global	hal_gpio_builtin_led_deinit
 106              		.syntax unified
 107              		.thumb
 108              		.thumb_func
 110              	hal_gpio_builtin_led_deinit:
 111              	.LFB67:
  28:Src/hal_gpio.c **** 
  29:Src/hal_gpio.c **** void hal_gpio_builtin_led_deinit(void)
  30:Src/hal_gpio.c **** {
 112              		.loc 1 30 1 is_stmt 1 view -0
 113              		.cfi_startproc
 114              		@ args = 0, pretend = 0, frame = 0
 115              		@ frame_needed = 0, uses_anonymous_args = 0
 116 0000 08B5     		push	{r3, lr}
 117              	.LCFI3:
 118              		.cfi_def_cfa_offset 8
 119              		.cfi_offset 3, -8
 120              		.cfi_offset 14, -4
  31:Src/hal_gpio.c ****   HAL_GPIO_DeInit(BUILTIN_LED_PORT, BUILTIN_LED_PIN);
 121              		.loc 1 31 3 view .LVU20
 122 0002 4FF40051 		mov	r1, #8192
 123 0006 0248     		ldr	r0, .L7
 124 0008 FFF7FEFF 		bl	HAL_GPIO_DeInit
 125              	.LVL2:
  32:Src/hal_gpio.c **** }
 126              		.loc 1 32 1 is_stmt 0 view .LVU21
 127 000c 08BD     		pop	{r3, pc}
 128              	.L8:
 129 000e 00BF     		.align	2
 130              	.L7:
 131 0010 00100140 		.word	1073811456
 132              		.cfi_endproc
 133              	.LFE67:
 135              		.section	.text.hal_gpio_hx711_dat_init,"ax",%progbits
 136              		.align	1
 137              		.global	hal_gpio_hx711_dat_init
 138              		.syntax unified
 139              		.thumb
 140              		.thumb_func
 142              	hal_gpio_hx711_dat_init:
 143              	.LFB68:
  33:Src/hal_gpio.c **** 
ARM GAS  C:\Users\binhp\AppData\Local\Temp\ccV2RCGk.s 			page 4


  34:Src/hal_gpio.c **** /*=======================================================================*/
  35:Src/hal_gpio.c **** 
  36:Src/hal_gpio.c **** void hal_gpio_hx711_dat_init(void)
  37:Src/hal_gpio.c **** {
 144              		.loc 1 37 1 is_stmt 1 view -0
 145              		.cfi_startproc
 146              		@ args = 0, pretend = 0, frame = 24
 147              		@ frame_needed = 0, uses_anonymous_args = 0
 148 0000 00B5     		push	{lr}
 149              	.LCFI4:
 150              		.cfi_def_cfa_offset 4
 151              		.cfi_offset 14, -4
 152 0002 87B0     		sub	sp, sp, #28
 153              	.LCFI5:
 154              		.cfi_def_cfa_offset 32
  38:Src/hal_gpio.c ****   GPIO_InitTypeDef GPIO_InitStruct = {0};
 155              		.loc 1 38 3 view .LVU23
 156              		.loc 1 38 20 is_stmt 0 view .LVU24
 157 0004 0023     		movs	r3, #0
 158 0006 0293     		str	r3, [sp, #8]
 159 0008 0393     		str	r3, [sp, #12]
 160 000a 0493     		str	r3, [sp, #16]
 161 000c 0593     		str	r3, [sp, #20]
  39:Src/hal_gpio.c **** 
  40:Src/hal_gpio.c ****   GPIOB_CLK_ENABLE();
 162              		.loc 1 40 3 is_stmt 1 view .LVU25
 163              	.LBB3:
 164              		.loc 1 40 3 view .LVU26
 165              		.loc 1 40 3 view .LVU27
 166 000e 03F18043 		add	r3, r3, #1073741824
 167 0012 03F50433 		add	r3, r3, #135168
 168 0016 9A69     		ldr	r2, [r3, #24]
 169 0018 42F00802 		orr	r2, r2, #8
 170 001c 9A61     		str	r2, [r3, #24]
 171              		.loc 1 40 3 view .LVU28
 172 001e 9B69     		ldr	r3, [r3, #24]
 173 0020 03F00803 		and	r3, r3, #8
 174 0024 0193     		str	r3, [sp, #4]
 175              		.loc 1 40 3 view .LVU29
 176 0026 019B     		ldr	r3, [sp, #4]
 177              	.LBE3:
 178              		.loc 1 40 3 view .LVU30
  41:Src/hal_gpio.c ****   GPIO_InitStruct.Pin = HX711_DT_PIN;
 179              		.loc 1 41 3 view .LVU31
 180              		.loc 1 41 23 is_stmt 0 view .LVU32
 181 0028 4FF48073 		mov	r3, #256
 182 002c 0293     		str	r3, [sp, #8]
  42:Src/hal_gpio.c ****   GPIO_InitStruct.Mode = GPIO_MODE_INPUT;
 183              		.loc 1 42 3 is_stmt 1 view .LVU33
  43:Src/hal_gpio.c ****   GPIO_InitStruct.Pull = GPIO_NOPULL;
 184              		.loc 1 43 3 view .LVU34
  44:Src/hal_gpio.c ****   HAL_GPIO_Init(HX711_DT_PORT, &GPIO_InitStruct);
 185              		.loc 1 44 3 view .LVU35
 186 002e 02A9     		add	r1, sp, #8
 187 0030 0248     		ldr	r0, .L11
 188 0032 FFF7FEFF 		bl	HAL_GPIO_Init
 189              	.LVL3:
ARM GAS  C:\Users\binhp\AppData\Local\Temp\ccV2RCGk.s 			page 5


  45:Src/hal_gpio.c **** }
 190              		.loc 1 45 1 is_stmt 0 view .LVU36
 191 0036 07B0     		add	sp, sp, #28
 192              	.LCFI6:
 193              		.cfi_def_cfa_offset 4
 194              		@ sp needed
 195 0038 5DF804FB 		ldr	pc, [sp], #4
 196              	.L12:
 197              		.align	2
 198              	.L11:
 199 003c 000C0140 		.word	1073810432
 200              		.cfi_endproc
 201              	.LFE68:
 203              		.section	.text.hal_gpio_hx711_dat_deinit,"ax",%progbits
 204              		.align	1
 205              		.global	hal_gpio_hx711_dat_deinit
 206              		.syntax unified
 207              		.thumb
 208              		.thumb_func
 210              	hal_gpio_hx711_dat_deinit:
 211              	.LFB69:
  46:Src/hal_gpio.c **** 
  47:Src/hal_gpio.c **** void hal_gpio_hx711_dat_deinit(void)
  48:Src/hal_gpio.c **** {
 212              		.loc 1 48 1 is_stmt 1 view -0
 213              		.cfi_startproc
 214              		@ args = 0, pretend = 0, frame = 0
 215              		@ frame_needed = 0, uses_anonymous_args = 0
 216 0000 08B5     		push	{r3, lr}
 217              	.LCFI7:
 218              		.cfi_def_cfa_offset 8
 219              		.cfi_offset 3, -8
 220              		.cfi_offset 14, -4
  49:Src/hal_gpio.c ****   HAL_GPIO_DeInit(BUILTIN_LED_PORT, BUILTIN_LED_PIN);
 221              		.loc 1 49 3 view .LVU38
 222 0002 4FF40051 		mov	r1, #8192
 223 0006 0248     		ldr	r0, .L15
 224 0008 FFF7FEFF 		bl	HAL_GPIO_DeInit
 225              	.LVL4:
  50:Src/hal_gpio.c **** }
 226              		.loc 1 50 1 is_stmt 0 view .LVU39
 227 000c 08BD     		pop	{r3, pc}
 228              	.L16:
 229 000e 00BF     		.align	2
 230              	.L15:
 231 0010 00100140 		.word	1073811456
 232              		.cfi_endproc
 233              	.LFE69:
 235              		.section	.text.hal_gpio_hx711_sck_init,"ax",%progbits
 236              		.align	1
 237              		.global	hal_gpio_hx711_sck_init
 238              		.syntax unified
 239              		.thumb
 240              		.thumb_func
 242              	hal_gpio_hx711_sck_init:
 243              	.LFB70:
  51:Src/hal_gpio.c **** 
ARM GAS  C:\Users\binhp\AppData\Local\Temp\ccV2RCGk.s 			page 6


  52:Src/hal_gpio.c **** void hal_gpio_hx711_sck_init(void)
  53:Src/hal_gpio.c **** {
 244              		.loc 1 53 1 is_stmt 1 view -0
 245              		.cfi_startproc
 246              		@ args = 0, pretend = 0, frame = 24
 247              		@ frame_needed = 0, uses_anonymous_args = 0
 248 0000 70B5     		push	{r4, r5, r6, lr}
 249              	.LCFI8:
 250              		.cfi_def_cfa_offset 16
 251              		.cfi_offset 4, -16
 252              		.cfi_offset 5, -12
 253              		.cfi_offset 6, -8
 254              		.cfi_offset 14, -4
 255 0002 86B0     		sub	sp, sp, #24
 256              	.LCFI9:
 257              		.cfi_def_cfa_offset 40
  54:Src/hal_gpio.c ****   GPIO_InitTypeDef GPIO_InitStruct = {0};
 258              		.loc 1 54 3 view .LVU41
 259              		.loc 1 54 20 is_stmt 0 view .LVU42
 260 0004 0024     		movs	r4, #0
 261 0006 0294     		str	r4, [sp, #8]
 262 0008 0394     		str	r4, [sp, #12]
 263 000a 0494     		str	r4, [sp, #16]
 264 000c 0594     		str	r4, [sp, #20]
  55:Src/hal_gpio.c **** 
  56:Src/hal_gpio.c ****   GPIOB_CLK_ENABLE();
 265              		.loc 1 56 3 is_stmt 1 view .LVU43
 266              	.LBB4:
 267              		.loc 1 56 3 view .LVU44
 268              		.loc 1 56 3 view .LVU45
 269 000e 0E4B     		ldr	r3, .L19
 270 0010 9A69     		ldr	r2, [r3, #24]
 271 0012 42F00802 		orr	r2, r2, #8
 272 0016 9A61     		str	r2, [r3, #24]
 273              		.loc 1 56 3 view .LVU46
 274 0018 9B69     		ldr	r3, [r3, #24]
 275 001a 03F00803 		and	r3, r3, #8
 276 001e 0193     		str	r3, [sp, #4]
 277              		.loc 1 56 3 view .LVU47
 278 0020 019B     		ldr	r3, [sp, #4]
 279              	.LBE4:
 280              		.loc 1 56 3 view .LVU48
  57:Src/hal_gpio.c ****   /*Configure GPIO pin : PB9 */
  58:Src/hal_gpio.c ****   GPIO_InitStruct.Pin = HX711_SCK_PIN;
 281              		.loc 1 58 3 view .LVU49
 282              		.loc 1 58 23 is_stmt 0 view .LVU50
 283 0022 4FF40076 		mov	r6, #512
 284 0026 0296     		str	r6, [sp, #8]
  59:Src/hal_gpio.c ****   GPIO_InitStruct.Mode = GPIO_MODE_OUTPUT_PP;
 285              		.loc 1 59 3 is_stmt 1 view .LVU51
 286              		.loc 1 59 24 is_stmt 0 view .LVU52
 287 0028 0123     		movs	r3, #1
 288 002a 0393     		str	r3, [sp, #12]
  60:Src/hal_gpio.c ****   GPIO_InitStruct.Pull = GPIO_NOPULL;
 289              		.loc 1 60 3 is_stmt 1 view .LVU53
  61:Src/hal_gpio.c ****   GPIO_InitStruct.Speed = GPIO_SPEED_FREQ_HIGH;
 290              		.loc 1 61 3 view .LVU54
ARM GAS  C:\Users\binhp\AppData\Local\Temp\ccV2RCGk.s 			page 7


 291              		.loc 1 61 25 is_stmt 0 view .LVU55
 292 002c 0323     		movs	r3, #3
 293 002e 0593     		str	r3, [sp, #20]
  62:Src/hal_gpio.c ****   HAL_GPIO_Init(HX711_SCK_PORT, &GPIO_InitStruct);
 294              		.loc 1 62 3 is_stmt 1 view .LVU56
 295 0030 064D     		ldr	r5, .L19+4
 296 0032 02A9     		add	r1, sp, #8
 297 0034 2846     		mov	r0, r5
 298 0036 FFF7FEFF 		bl	HAL_GPIO_Init
 299              	.LVL5:
  63:Src/hal_gpio.c **** 
  64:Src/hal_gpio.c ****   /*Configure GPIO pin Output Level */
  65:Src/hal_gpio.c ****   HAL_GPIO_WritePin(HX711_SCK_PORT, HX711_SCK_PIN, GPIO_PIN_RESET);
 300              		.loc 1 65 3 view .LVU57
 301 003a 2246     		mov	r2, r4
 302 003c 3146     		mov	r1, r6
 303 003e 2846     		mov	r0, r5
 304 0040 FFF7FEFF 		bl	HAL_GPIO_WritePin
 305              	.LVL6:
  66:Src/hal_gpio.c **** }
 306              		.loc 1 66 1 is_stmt 0 view .LVU58
 307 0044 06B0     		add	sp, sp, #24
 308              	.LCFI10:
 309              		.cfi_def_cfa_offset 16
 310              		@ sp needed
 311 0046 70BD     		pop	{r4, r5, r6, pc}
 312              	.L20:
 313              		.align	2
 314              	.L19:
 315 0048 00100240 		.word	1073876992
 316 004c 000C0140 		.word	1073810432
 317              		.cfi_endproc
 318              	.LFE70:
 320              		.section	.text.MX_GPIO_Init,"ax",%progbits
 321              		.align	1
 322              		.global	MX_GPIO_Init
 323              		.syntax unified
 324              		.thumb
 325              		.thumb_func
 327              	MX_GPIO_Init:
 328              	.LFB65:
   6:Src/hal_gpio.c ****   /* GPIO Ports Clock Enable */
 329              		.loc 1 6 1 is_stmt 1 view -0
 330              		.cfi_startproc
 331              		@ args = 0, pretend = 0, frame = 0
 332              		@ frame_needed = 0, uses_anonymous_args = 0
 333 0000 08B5     		push	{r3, lr}
 334              	.LCFI11:
 335              		.cfi_def_cfa_offset 8
 336              		.cfi_offset 3, -8
 337              		.cfi_offset 14, -4
   8:Src/hal_gpio.c ****   hal_gpio_hx711_dat_init();
 338              		.loc 1 8 3 view .LVU60
 339 0002 FFF7FEFF 		bl	hal_gpio_builtin_led_init
 340              	.LVL7:
   9:Src/hal_gpio.c ****   hal_gpio_hx711_sck_init();
 341              		.loc 1 9 3 view .LVU61
ARM GAS  C:\Users\binhp\AppData\Local\Temp\ccV2RCGk.s 			page 8


 342 0006 FFF7FEFF 		bl	hal_gpio_hx711_dat_init
 343              	.LVL8:
  10:Src/hal_gpio.c **** }
 344              		.loc 1 10 3 view .LVU62
 345 000a FFF7FEFF 		bl	hal_gpio_hx711_sck_init
 346              	.LVL9:
  11:Src/hal_gpio.c **** 
 347              		.loc 1 11 1 is_stmt 0 view .LVU63
 348 000e 08BD     		pop	{r3, pc}
 349              		.cfi_endproc
 350              	.LFE65:
 352              		.section	.text.hal_gpio_hx711_sck_deinit,"ax",%progbits
 353              		.align	1
 354              		.global	hal_gpio_hx711_sck_deinit
 355              		.syntax unified
 356              		.thumb
 357              		.thumb_func
 359              	hal_gpio_hx711_sck_deinit:
 360              	.LFB71:
  67:Src/hal_gpio.c **** 
  68:Src/hal_gpio.c **** void hal_gpio_hx711_sck_deinit(void)
  69:Src/hal_gpio.c **** {
 361              		.loc 1 69 1 is_stmt 1 view -0
 362              		.cfi_startproc
 363              		@ args = 0, pretend = 0, frame = 0
 364              		@ frame_needed = 0, uses_anonymous_args = 0
 365 0000 08B5     		push	{r3, lr}
 366              	.LCFI12:
 367              		.cfi_def_cfa_offset 8
 368              		.cfi_offset 3, -8
 369              		.cfi_offset 14, -4
  70:Src/hal_gpio.c ****   HAL_GPIO_DeInit(HX711_SCK_PORT, HX711_SCK_PIN);
 370              		.loc 1 70 3 view .LVU65
 371 0002 4FF40071 		mov	r1, #512
 372 0006 0248     		ldr	r0, .L25
 373 0008 FFF7FEFF 		bl	HAL_GPIO_DeInit
 374              	.LVL10:
  71:Src/hal_gpio.c **** }
 375              		.loc 1 71 1 is_stmt 0 view .LVU66
 376 000c 08BD     		pop	{r3, pc}
 377              	.L26:
 378 000e 00BF     		.align	2
 379              	.L25:
 380 0010 000C0140 		.word	1073810432
 381              		.cfi_endproc
 382              	.LFE71:
 384              		.section	.text.hal_gpio_hx711_write_sck,"ax",%progbits
 385              		.align	1
 386              		.global	hal_gpio_hx711_write_sck
 387              		.syntax unified
 388              		.thumb
 389              		.thumb_func
 391              	hal_gpio_hx711_write_sck:
 392              	.LVL11:
 393              	.LFB72:
  72:Src/hal_gpio.c **** 
  73:Src/hal_gpio.c **** int hal_gpio_hx711_write_sck(int val)
ARM GAS  C:\Users\binhp\AppData\Local\Temp\ccV2RCGk.s 			page 9


  74:Src/hal_gpio.c **** {
 394              		.loc 1 74 1 is_stmt 1 view -0
 395              		.cfi_startproc
 396              		@ args = 0, pretend = 0, frame = 0
 397              		@ frame_needed = 0, uses_anonymous_args = 0
 398              		.loc 1 74 1 is_stmt 0 view .LVU68
 399 0000 08B5     		push	{r3, lr}
 400              	.LCFI13:
 401              		.cfi_def_cfa_offset 8
 402              		.cfi_offset 3, -8
 403              		.cfi_offset 14, -4
  75:Src/hal_gpio.c ****   HAL_GPIO_WritePin(HX711_SCK_PORT, HX711_SCK_PIN, val);
 404              		.loc 1 75 3 is_stmt 1 view .LVU69
 405 0002 C2B2     		uxtb	r2, r0
 406 0004 4FF40071 		mov	r1, #512
 407 0008 0248     		ldr	r0, .L29
 408              	.LVL12:
 409              		.loc 1 75 3 is_stmt 0 view .LVU70
 410 000a FFF7FEFF 		bl	HAL_GPIO_WritePin
 411              	.LVL13:
  76:Src/hal_gpio.c ****   return 0;
 412              		.loc 1 76 3 is_stmt 1 view .LVU71
  77:Src/hal_gpio.c **** }
 413              		.loc 1 77 1 is_stmt 0 view .LVU72
 414 000e 0020     		movs	r0, #0
 415 0010 08BD     		pop	{r3, pc}
 416              	.L30:
 417 0012 00BF     		.align	2
 418              	.L29:
 419 0014 000C0140 		.word	1073810432
 420              		.cfi_endproc
 421              	.LFE72:
 423              		.section	.text.hal_gpio_hx711_read_dat,"ax",%progbits
 424              		.align	1
 425              		.global	hal_gpio_hx711_read_dat
 426              		.syntax unified
 427              		.thumb
 428              		.thumb_func
 430              	hal_gpio_hx711_read_dat:
 431              	.LFB73:
  78:Src/hal_gpio.c **** 
  79:Src/hal_gpio.c **** int hal_gpio_hx711_read_dat(void)
  80:Src/hal_gpio.c **** {
 432              		.loc 1 80 1 is_stmt 1 view -0
 433              		.cfi_startproc
 434              		@ args = 0, pretend = 0, frame = 0
 435              		@ frame_needed = 0, uses_anonymous_args = 0
 436 0000 08B5     		push	{r3, lr}
 437              	.LCFI14:
 438              		.cfi_def_cfa_offset 8
 439              		.cfi_offset 3, -8
 440              		.cfi_offset 14, -4
  81:Src/hal_gpio.c ****   return HAL_GPIO_ReadPin(HX711_DT_PORT, HX711_DT_PIN);
 441              		.loc 1 81 3 view .LVU74
 442              		.loc 1 81 10 is_stmt 0 view .LVU75
 443 0002 4FF48071 		mov	r1, #256
 444 0006 0248     		ldr	r0, .L33
ARM GAS  C:\Users\binhp\AppData\Local\Temp\ccV2RCGk.s 			page 10


 445 0008 FFF7FEFF 		bl	HAL_GPIO_ReadPin
 446              	.LVL14:
  82:Src/hal_gpio.c **** }...
 447              		.loc 1 82 1 view .LVU76
 448 000c 08BD     		pop	{r3, pc}
 449              	.L34:
 450 000e 00BF     		.align	2
 451              	.L33:
 452 0010 000C0140 		.word	1073810432
 453              		.cfi_endproc
 454              	.LFE73:
 456              		.text
 457              	.Letext0:
 458              		.file 2 "C:/msys64/mingw64/arm-none-eabi/include/machine/_default_types.h"
 459              		.file 3 "C:/msys64/mingw64/arm-none-eabi/include/sys/_stdint.h"
 460              		.file 4 "Drivers/CMSIS/Device/ST/STM32F1xx/Include/stm32f103x6.h"
 461              		.file 5 "Drivers/STM32F1xx_HAL_Driver/Inc/stm32f1xx_hal_gpio.h"
ARM GAS  C:\Users\binhp\AppData\Local\Temp\ccV2RCGk.s 			page 11


DEFINED SYMBOLS
                            *ABS*:00000000 hal_gpio.c
C:\Users\binhp\AppData\Local\Temp\ccV2RCGk.s:19     .text.hal_gpio_builtin_led_init:00000000 $t
C:\Users\binhp\AppData\Local\Temp\ccV2RCGk.s:25     .text.hal_gpio_builtin_led_init:00000000 hal_gpio_builtin_led_init
C:\Users\binhp\AppData\Local\Temp\ccV2RCGk.s:98     .text.hal_gpio_builtin_led_init:00000048 $d
C:\Users\binhp\AppData\Local\Temp\ccV2RCGk.s:104    .text.hal_gpio_builtin_led_deinit:00000000 $t
C:\Users\binhp\AppData\Local\Temp\ccV2RCGk.s:110    .text.hal_gpio_builtin_led_deinit:00000000 hal_gpio_builtin_led_deinit
C:\Users\binhp\AppData\Local\Temp\ccV2RCGk.s:131    .text.hal_gpio_builtin_led_deinit:00000010 $d
C:\Users\binhp\AppData\Local\Temp\ccV2RCGk.s:136    .text.hal_gpio_hx711_dat_init:00000000 $t
C:\Users\binhp\AppData\Local\Temp\ccV2RCGk.s:142    .text.hal_gpio_hx711_dat_init:00000000 hal_gpio_hx711_dat_init
C:\Users\binhp\AppData\Local\Temp\ccV2RCGk.s:199    .text.hal_gpio_hx711_dat_init:0000003c $d
C:\Users\binhp\AppData\Local\Temp\ccV2RCGk.s:204    .text.hal_gpio_hx711_dat_deinit:00000000 $t
C:\Users\binhp\AppData\Local\Temp\ccV2RCGk.s:210    .text.hal_gpio_hx711_dat_deinit:00000000 hal_gpio_hx711_dat_deinit
C:\Users\binhp\AppData\Local\Temp\ccV2RCGk.s:231    .text.hal_gpio_hx711_dat_deinit:00000010 $d
C:\Users\binhp\AppData\Local\Temp\ccV2RCGk.s:236    .text.hal_gpio_hx711_sck_init:00000000 $t
C:\Users\binhp\AppData\Local\Temp\ccV2RCGk.s:242    .text.hal_gpio_hx711_sck_init:00000000 hal_gpio_hx711_sck_init
C:\Users\binhp\AppData\Local\Temp\ccV2RCGk.s:315    .text.hal_gpio_hx711_sck_init:00000048 $d
C:\Users\binhp\AppData\Local\Temp\ccV2RCGk.s:321    .text.MX_GPIO_Init:00000000 $t
C:\Users\binhp\AppData\Local\Temp\ccV2RCGk.s:327    .text.MX_GPIO_Init:00000000 MX_GPIO_Init
C:\Users\binhp\AppData\Local\Temp\ccV2RCGk.s:353    .text.hal_gpio_hx711_sck_deinit:00000000 $t
C:\Users\binhp\AppData\Local\Temp\ccV2RCGk.s:359    .text.hal_gpio_hx711_sck_deinit:00000000 hal_gpio_hx711_sck_deinit
C:\Users\binhp\AppData\Local\Temp\ccV2RCGk.s:380    .text.hal_gpio_hx711_sck_deinit:00000010 $d
C:\Users\binhp\AppData\Local\Temp\ccV2RCGk.s:385    .text.hal_gpio_hx711_write_sck:00000000 $t
C:\Users\binhp\AppData\Local\Temp\ccV2RCGk.s:391    .text.hal_gpio_hx711_write_sck:00000000 hal_gpio_hx711_write_sck
C:\Users\binhp\AppData\Local\Temp\ccV2RCGk.s:419    .text.hal_gpio_hx711_write_sck:00000014 $d
C:\Users\binhp\AppData\Local\Temp\ccV2RCGk.s:424    .text.hal_gpio_hx711_read_dat:00000000 $t
C:\Users\binhp\AppData\Local\Temp\ccV2RCGk.s:430    .text.hal_gpio_hx711_read_dat:00000000 hal_gpio_hx711_read_dat
C:\Users\binhp\AppData\Local\Temp\ccV2RCGk.s:452    .text.hal_gpio_hx711_read_dat:00000010 $d

UNDEFINED SYMBOLS
HAL_GPIO_Init
HAL_GPIO_WritePin
HAL_GPIO_DeInit
HAL_GPIO_ReadPin
