ARM GAS  C:\Users\binhp\AppData\Local\Temp\cc9uhDI5.s 			page 1


   1              		.cpu cortex-m3
   2              		.arch armv7-m
   3              		.fpu softvfp
   4              		.eabi_attribute 20, 1
   5              		.eabi_attribute 21, 1
   6              		.eabi_attribute 23, 3
   7              		.eabi_attribute 24, 1
   8              		.eabi_attribute 25, 1
   9              		.eabi_attribute 26, 1
  10              		.eabi_attribute 30, 1
  11              		.eabi_attribute 34, 1
  12              		.eabi_attribute 18, 4
  13              		.file	"hal_tim.c"
  14              		.text
  15              	.Ltext0:
  16              		.cfi_sections	.debug_frame
  17              		.file 1 "Src/hal_tim.c"
  18              		.section	.text.MX_TIM2_Init,"ax",%progbits
  19              		.align	1
  20              		.global	MX_TIM2_Init
  21              		.syntax unified
  22              		.thumb
  23              		.thumb_func
  25              	MX_TIM2_Init:
  26              	.LFB65:
   1:Src/hal_tim.c **** 
   2:Src/hal_tim.c **** #include "hal_tim.h"
   3:Src/hal_tim.c **** 
   4:Src/hal_tim.c **** TIM_HandleTypeDef htim2;
   5:Src/hal_tim.c **** 
   6:Src/hal_tim.c **** 
   7:Src/hal_tim.c **** void MX_TIM2_Init(void)
   8:Src/hal_tim.c **** {
  27              		.loc 1 8 1 view -0
  28              		.cfi_startproc
  29              		@ args = 0, pretend = 0, frame = 24
  30              		@ frame_needed = 0, uses_anonymous_args = 0
  31 0000 00B5     		push	{lr}
  32              	.LCFI0:
  33              		.cfi_def_cfa_offset 4
  34              		.cfi_offset 14, -4
  35 0002 87B0     		sub	sp, sp, #28
  36              	.LCFI1:
  37              		.cfi_def_cfa_offset 32
   9:Src/hal_tim.c **** 
  10:Src/hal_tim.c ****   TIM_ClockConfigTypeDef sClockSourceConfig = {0};
  38              		.loc 1 10 3 view .LVU1
  39              		.loc 1 10 26 is_stmt 0 view .LVU2
  40 0004 0023     		movs	r3, #0
  41 0006 0293     		str	r3, [sp, #8]
  42 0008 0393     		str	r3, [sp, #12]
  43 000a 0493     		str	r3, [sp, #16]
  44 000c 0593     		str	r3, [sp, #20]
  11:Src/hal_tim.c ****   TIM_MasterConfigTypeDef sMasterConfig = {0};
  45              		.loc 1 11 3 is_stmt 1 view .LVU3
  46              		.loc 1 11 27 is_stmt 0 view .LVU4
  47 000e 0093     		str	r3, [sp]
ARM GAS  C:\Users\binhp\AppData\Local\Temp\cc9uhDI5.s 			page 2


  48 0010 0193     		str	r3, [sp, #4]
  12:Src/hal_tim.c **** 
  13:Src/hal_tim.c **** 
  14:Src/hal_tim.c ****   htim2.Instance = TIM2;
  49              		.loc 1 14 3 is_stmt 1 view .LVU5
  50              		.loc 1 14 18 is_stmt 0 view .LVU6
  51 0012 1548     		ldr	r0, .L9
  52 0014 4FF08042 		mov	r2, #1073741824
  53 0018 0260     		str	r2, [r0]
  15:Src/hal_tim.c ****   htim2.Init.Prescaler = 71;
  54              		.loc 1 15 3 is_stmt 1 view .LVU7
  55              		.loc 1 15 24 is_stmt 0 view .LVU8
  56 001a 4722     		movs	r2, #71
  57 001c 4260     		str	r2, [r0, #4]
  16:Src/hal_tim.c ****   htim2.Init.CounterMode = TIM_COUNTERMODE_UP;
  58              		.loc 1 16 3 is_stmt 1 view .LVU9
  59              		.loc 1 16 26 is_stmt 0 view .LVU10
  60 001e 8360     		str	r3, [r0, #8]
  17:Src/hal_tim.c ****   htim2.Init.Period = 65535;
  61              		.loc 1 17 3 is_stmt 1 view .LVU11
  62              		.loc 1 17 21 is_stmt 0 view .LVU12
  63 0020 4FF6FF72 		movw	r2, #65535
  64 0024 C260     		str	r2, [r0, #12]
  18:Src/hal_tim.c ****   htim2.Init.ClockDivision = TIM_CLOCKDIVISION_DIV1;
  65              		.loc 1 18 3 is_stmt 1 view .LVU13
  66              		.loc 1 18 28 is_stmt 0 view .LVU14
  67 0026 0361     		str	r3, [r0, #16]
  19:Src/hal_tim.c ****   htim2.Init.AutoReloadPreload = TIM_AUTORELOAD_PRELOAD_DISABLE;
  68              		.loc 1 19 3 is_stmt 1 view .LVU15
  69              		.loc 1 19 32 is_stmt 0 view .LVU16
  70 0028 8361     		str	r3, [r0, #24]
  20:Src/hal_tim.c ****   if (HAL_TIM_Base_Init(&htim2) != HAL_OK)
  71              		.loc 1 20 3 is_stmt 1 view .LVU17
  72              		.loc 1 20 7 is_stmt 0 view .LVU18
  73 002a FFF7FEFF 		bl	HAL_TIM_Base_Init
  74              	.LVL0:
  75              		.loc 1 20 6 discriminator 1 view .LVU19
  76 002e 90B9     		cbnz	r0, .L6
  77              	.L2:
  21:Src/hal_tim.c ****   {
  22:Src/hal_tim.c ****     Error_Handler();
  23:Src/hal_tim.c ****   }
  24:Src/hal_tim.c ****   sClockSourceConfig.ClockSource = TIM_CLOCKSOURCE_INTERNAL;
  78              		.loc 1 24 3 is_stmt 1 view .LVU20
  79              		.loc 1 24 34 is_stmt 0 view .LVU21
  80 0030 4FF48053 		mov	r3, #4096
  81 0034 0293     		str	r3, [sp, #8]
  25:Src/hal_tim.c ****   if (HAL_TIM_ConfigClockSource(&htim2, &sClockSourceConfig) != HAL_OK)
  82              		.loc 1 25 3 is_stmt 1 view .LVU22
  83              		.loc 1 25 7 is_stmt 0 view .LVU23
  84 0036 02A9     		add	r1, sp, #8
  85 0038 0B48     		ldr	r0, .L9
  86 003a FFF7FEFF 		bl	HAL_TIM_ConfigClockSource
  87              	.LVL1:
  88              		.loc 1 25 6 discriminator 1 view .LVU24
  89 003e 68B9     		cbnz	r0, .L7
  90              	.L3:
ARM GAS  C:\Users\binhp\AppData\Local\Temp\cc9uhDI5.s 			page 3


  26:Src/hal_tim.c ****   {
  27:Src/hal_tim.c ****     Error_Handler();
  28:Src/hal_tim.c ****   }
  29:Src/hal_tim.c ****   sMasterConfig.MasterOutputTrigger = TIM_TRGO_RESET;
  91              		.loc 1 29 3 is_stmt 1 view .LVU25
  92              		.loc 1 29 37 is_stmt 0 view .LVU26
  93 0040 0023     		movs	r3, #0
  94 0042 0093     		str	r3, [sp]
  30:Src/hal_tim.c ****   sMasterConfig.MasterSlaveMode = TIM_MASTERSLAVEMODE_DISABLE;
  95              		.loc 1 30 3 is_stmt 1 view .LVU27
  96              		.loc 1 30 33 is_stmt 0 view .LVU28
  97 0044 0193     		str	r3, [sp, #4]
  31:Src/hal_tim.c ****   if (HAL_TIMEx_MasterConfigSynchronization(&htim2, &sMasterConfig) != HAL_OK)
  98              		.loc 1 31 3 is_stmt 1 view .LVU29
  99              		.loc 1 31 7 is_stmt 0 view .LVU30
 100 0046 6946     		mov	r1, sp
 101 0048 0748     		ldr	r0, .L9
 102 004a FFF7FEFF 		bl	HAL_TIMEx_MasterConfigSynchronization
 103              	.LVL2:
 104              		.loc 1 31 6 discriminator 1 view .LVU31
 105 004e 40B9     		cbnz	r0, .L8
 106              	.L1:
  32:Src/hal_tim.c ****   {
  33:Src/hal_tim.c ****     Error_Handler();
  34:Src/hal_tim.c ****   }
  35:Src/hal_tim.c **** }
 107              		.loc 1 35 1 view .LVU32
 108 0050 07B0     		add	sp, sp, #28
 109              	.LCFI2:
 110              		.cfi_remember_state
 111              		.cfi_def_cfa_offset 4
 112              		@ sp needed
 113 0052 5DF804FB 		ldr	pc, [sp], #4
 114              	.L6:
 115              	.LCFI3:
 116              		.cfi_restore_state
  22:Src/hal_tim.c ****   }
 117              		.loc 1 22 5 is_stmt 1 view .LVU33
 118 0056 FFF7FEFF 		bl	Error_Handler
 119              	.LVL3:
 120 005a E9E7     		b	.L2
 121              	.L7:
  27:Src/hal_tim.c ****   }
 122              		.loc 1 27 5 view .LVU34
 123 005c FFF7FEFF 		bl	Error_Handler
 124              	.LVL4:
 125 0060 EEE7     		b	.L3
 126              	.L8:
  33:Src/hal_tim.c ****   }
 127              		.loc 1 33 5 view .LVU35
 128 0062 FFF7FEFF 		bl	Error_Handler
 129              	.LVL5:
 130              		.loc 1 35 1 is_stmt 0 view .LVU36
 131 0066 F3E7     		b	.L1
 132              	.L10:
 133              		.align	2
 134              	.L9:
ARM GAS  C:\Users\binhp\AppData\Local\Temp\cc9uhDI5.s 			page 4


 135 0068 00000000 		.word	htim2
 136              		.cfi_endproc
 137              	.LFE65:
 139              		.section	.text.HAL_TIM_Base_MspInit,"ax",%progbits
 140              		.align	1
 141              		.global	HAL_TIM_Base_MspInit
 142              		.syntax unified
 143              		.thumb
 144              		.thumb_func
 146              	HAL_TIM_Base_MspInit:
 147              	.LVL6:
 148              	.LFB66:
  36:Src/hal_tim.c **** 
  37:Src/hal_tim.c **** void HAL_TIM_Base_MspInit(TIM_HandleTypeDef* tim_baseHandle)
  38:Src/hal_tim.c **** {
 149              		.loc 1 38 1 is_stmt 1 view -0
 150              		.cfi_startproc
 151              		@ args = 0, pretend = 0, frame = 8
 152              		@ frame_needed = 0, uses_anonymous_args = 0
 153              		@ link register save eliminated.
  39:Src/hal_tim.c **** 
  40:Src/hal_tim.c ****   if(tim_baseHandle->Instance==TIM2)
 154              		.loc 1 40 3 view .LVU38
 155              		.loc 1 40 20 is_stmt 0 view .LVU39
 156 0000 0368     		ldr	r3, [r0]
 157              		.loc 1 40 5 view .LVU40
 158 0002 B3F1804F 		cmp	r3, #1073741824
 159 0006 00D0     		beq	.L17
 160 0008 7047     		bx	lr
 161              	.L17:
  38:Src/hal_tim.c **** 
 162              		.loc 1 38 1 view .LVU41
 163 000a 82B0     		sub	sp, sp, #8
 164              	.LCFI4:
 165              		.cfi_def_cfa_offset 8
  41:Src/hal_tim.c ****   {
  42:Src/hal_tim.c ****     /* TIM2 clock enable */
  43:Src/hal_tim.c ****     __HAL_RCC_TIM2_CLK_ENABLE();
 166              		.loc 1 43 5 is_stmt 1 view .LVU42
 167              	.LBB2:
 168              		.loc 1 43 5 view .LVU43
 169              		.loc 1 43 5 view .LVU44
 170 000c 03F50433 		add	r3, r3, #135168
 171 0010 DA69     		ldr	r2, [r3, #28]
 172 0012 42F00102 		orr	r2, r2, #1
 173 0016 DA61     		str	r2, [r3, #28]
 174              		.loc 1 43 5 view .LVU45
 175 0018 DB69     		ldr	r3, [r3, #28]
 176 001a 03F00103 		and	r3, r3, #1
 177 001e 0193     		str	r3, [sp, #4]
 178              		.loc 1 43 5 view .LVU46
 179 0020 019B     		ldr	r3, [sp, #4]
 180              	.LBE2:
 181              		.loc 1 43 5 discriminator 1 view .LVU47
  44:Src/hal_tim.c ****   }
  45:Src/hal_tim.c **** }
 182              		.loc 1 45 1 is_stmt 0 view .LVU48
ARM GAS  C:\Users\binhp\AppData\Local\Temp\cc9uhDI5.s 			page 5


 183 0022 02B0     		add	sp, sp, #8
 184              	.LCFI5:
 185              		.cfi_def_cfa_offset 0
 186              		@ sp needed
 187 0024 7047     		bx	lr
 188              		.cfi_endproc
 189              	.LFE66:
 191              		.section	.text.HAL_TIM_Base_MspDeInit,"ax",%progbits
 192              		.align	1
 193              		.global	HAL_TIM_Base_MspDeInit
 194              		.syntax unified
 195              		.thumb
 196              		.thumb_func
 198              	HAL_TIM_Base_MspDeInit:
 199              	.LVL7:
 200              	.LFB67:
  46:Src/hal_tim.c **** 
  47:Src/hal_tim.c **** void HAL_TIM_Base_MspDeInit(TIM_HandleTypeDef* tim_baseHandle)
  48:Src/hal_tim.c **** {
 201              		.loc 1 48 1 is_stmt 1 view -0
 202              		.cfi_startproc
 203              		@ args = 0, pretend = 0, frame = 0
 204              		@ frame_needed = 0, uses_anonymous_args = 0
 205              		@ link register save eliminated.
  49:Src/hal_tim.c **** 
  50:Src/hal_tim.c ****   if(tim_baseHandle->Instance==TIM2)
 206              		.loc 1 50 3 view .LVU50
 207              		.loc 1 50 20 is_stmt 0 view .LVU51
 208 0000 0368     		ldr	r3, [r0]
 209              		.loc 1 50 5 view .LVU52
 210 0002 B3F1804F 		cmp	r3, #1073741824
 211 0006 00D0     		beq	.L20
 212              	.L18:
  51:Src/hal_tim.c ****   {
  52:Src/hal_tim.c ****     /* Peripheral clock disable */
  53:Src/hal_tim.c ****     __HAL_RCC_TIM2_CLK_DISABLE();
  54:Src/hal_tim.c ****   }
  55:Src/hal_tim.c **** }
 213              		.loc 1 55 1 view .LVU53
 214 0008 7047     		bx	lr
 215              	.L20:
  53:Src/hal_tim.c ****   }
 216              		.loc 1 53 5 is_stmt 1 view .LVU54
 217 000a 034A     		ldr	r2, .L21
 218 000c D369     		ldr	r3, [r2, #28]
 219 000e 23F00103 		bic	r3, r3, #1
 220 0012 D361     		str	r3, [r2, #28]
 221              		.loc 1 55 1 is_stmt 0 view .LVU55
 222 0014 F8E7     		b	.L18
 223              	.L22:
 224 0016 00BF     		.align	2
 225              	.L21:
 226 0018 00100240 		.word	1073876992
 227              		.cfi_endproc
 228              	.LFE67:
 230              		.section	.text.hal_tim_busy_wait_us,"ax",%progbits
 231              		.align	1
ARM GAS  C:\Users\binhp\AppData\Local\Temp\cc9uhDI5.s 			page 6


 232              		.global	hal_tim_busy_wait_us
 233              		.syntax unified
 234              		.thumb
 235              		.thumb_func
 237              	hal_tim_busy_wait_us:
 238              	.LVL8:
 239              	.LFB68:
  56:Src/hal_tim.c **** 
  57:Src/hal_tim.c **** /**
  58:Src/hal_tim.c ****  * @brief  This function is called to delay in microseconds
  59:Src/hal_tim.c ****  * @param  us: delay in microseconds
  60:Src/hal_tim.c ****  * @note: us must be less than 65535us (as timer 16bit)
  61:Src/hal_tim.c ****  */
  62:Src/hal_tim.c **** void hal_tim_busy_wait_us(uint16_t us)
  63:Src/hal_tim.c **** {
 240              		.loc 1 63 1 is_stmt 1 view -0
 241              		.cfi_startproc
 242              		@ args = 0, pretend = 0, frame = 0
 243              		@ frame_needed = 0, uses_anonymous_args = 0
 244              		@ link register save eliminated.
  64:Src/hal_tim.c ****   __HAL_TIM_SET_COUNTER(&htim2, 0);
 245              		.loc 1 64 3 view .LVU57
 246 0000 034B     		ldr	r3, .L25
 247 0002 1A68     		ldr	r2, [r3]
 248 0004 0023     		movs	r3, #0
 249 0006 5362     		str	r3, [r2, #36]
  65:Src/hal_tim.c ****   while (__HAL_TIM_GET_COUNTER(&htim2) < us);
 250              		.loc 1 65 3 view .LVU58
 251              	.L24:
 252              		.loc 1 65 40 discriminator 1 view .LVU59
 253              		.loc 1 65 10 is_stmt 0 discriminator 1 view .LVU60
 254 0008 536A     		ldr	r3, [r2, #36]
 255              		.loc 1 65 40 discriminator 1 view .LVU61
 256 000a 8342     		cmp	r3, r0
 257 000c FCD3     		bcc	.L24
  66:Src/hal_tim.c **** }
 258              		.loc 1 66 1 view .LVU62
 259 000e 7047     		bx	lr
 260              	.L26:
 261              		.align	2
 262              	.L25:
 263 0010 00000000 		.word	htim2
 264              		.cfi_endproc
 265              	.LFE68:
 267              		.global	htim2
 268              		.section	.bss.htim2,"aw",%nobits
 269              		.align	2
 272              	htim2:
 273 0000 00000000 		.space	72
 273      00000000 
 273      00000000 
 273      00000000 
 273      00000000 
 274              		.text
 275              	.Letext0:
 276              		.file 2 "C:/msys64/mingw64/arm-none-eabi/include/machine/_default_types.h"
 277              		.file 3 "C:/msys64/mingw64/arm-none-eabi/include/sys/_stdint.h"
ARM GAS  C:\Users\binhp\AppData\Local\Temp\cc9uhDI5.s 			page 7


 278              		.file 4 "Drivers/CMSIS/Device/ST/STM32F1xx/Include/stm32f103x6.h"
 279              		.file 5 "Drivers/STM32F1xx_HAL_Driver/Inc/stm32f1xx_hal_def.h"
 280              		.file 6 "Drivers/STM32F1xx_HAL_Driver/Inc/stm32f1xx_hal_dma.h"
 281              		.file 7 "Drivers/STM32F1xx_HAL_Driver/Inc/stm32f1xx_hal_tim.h"
 282              		.file 8 "Drivers/STM32F1xx_HAL_Driver/Inc/stm32f1xx_hal_tim_ex.h"
 283              		.file 9 "Inc/hal_tim.h"
 284              		.file 10 "Inc/main.h"
ARM GAS  C:\Users\binhp\AppData\Local\Temp\cc9uhDI5.s 			page 8


DEFINED SYMBOLS
                            *ABS*:00000000 hal_tim.c
C:\Users\binhp\AppData\Local\Temp\cc9uhDI5.s:19     .text.MX_TIM2_Init:00000000 $t
C:\Users\binhp\AppData\Local\Temp\cc9uhDI5.s:25     .text.MX_TIM2_Init:00000000 MX_TIM2_Init
C:\Users\binhp\AppData\Local\Temp\cc9uhDI5.s:135    .text.MX_TIM2_Init:00000068 $d
C:\Users\binhp\AppData\Local\Temp\cc9uhDI5.s:272    .bss.htim2:00000000 htim2
C:\Users\binhp\AppData\Local\Temp\cc9uhDI5.s:140    .text.HAL_TIM_Base_MspInit:00000000 $t
C:\Users\binhp\AppData\Local\Temp\cc9uhDI5.s:146    .text.HAL_TIM_Base_MspInit:00000000 HAL_TIM_Base_MspInit
C:\Users\binhp\AppData\Local\Temp\cc9uhDI5.s:192    .text.HAL_TIM_Base_MspDeInit:00000000 $t
C:\Users\binhp\AppData\Local\Temp\cc9uhDI5.s:198    .text.HAL_TIM_Base_MspDeInit:00000000 HAL_TIM_Base_MspDeInit
C:\Users\binhp\AppData\Local\Temp\cc9uhDI5.s:226    .text.HAL_TIM_Base_MspDeInit:00000018 $d
C:\Users\binhp\AppData\Local\Temp\cc9uhDI5.s:231    .text.hal_tim_busy_wait_us:00000000 $t
C:\Users\binhp\AppData\Local\Temp\cc9uhDI5.s:237    .text.hal_tim_busy_wait_us:00000000 hal_tim_busy_wait_us
C:\Users\binhp\AppData\Local\Temp\cc9uhDI5.s:263    .text.hal_tim_busy_wait_us:00000010 $d
C:\Users\binhp\AppData\Local\Temp\cc9uhDI5.s:269    .bss.htim2:00000000 $d

UNDEFINED SYMBOLS
HAL_TIM_Base_Init
HAL_TIM_ConfigClockSource
HAL_TIMEx_MasterConfigSynchronization
Error_Handler
